Determining if the pthread_create exist failed with the following output:
Change Dir: /home/wangyan/projects/ICP-NDT-LIDAR/PCL_ICP_NDT/build/CMakeFiles/CMakeTmp

Run Build Command:"/usr/bin/make" "cmTC_fba6f/fast"
/usr/bin/make -f CMakeFiles/cmTC_fba6f.dir/build.make CMakeFiles/cmTC_fba6f.dir/build
make[1]: Entering directory '/home/wangyan/projects/ICP-NDT-LIDAR/PCL_ICP_NDT/build/CMakeFiles/CMakeTmp'
Building C object CMakeFiles/cmTC_fba6f.dir/CheckSymbolExists.c.o
/usr/bin/cc     -o CMakeFiles/cmTC_fba6f.dir/CheckSymbolExists.c.o   -c /home/wangyan/projects/ICP-NDT-LIDAR/PCL_ICP_NDT/build/CMakeFiles/CMakeTmp/CheckSymbolExists.c
Linking C executable cmTC_fba6f
/usr/bin/cmake -E cmake_link_script CMakeFiles/cmTC_fba6f.dir/link.txt --verbose=1
/usr/bin/cc       CMakeFiles/cmTC_fba6f.dir/CheckSymbolExists.c.o  -o cmTC_fba6f -rdynamic 
CMakeFiles/cmTC_fba6f.dir/CheckSymbolExists.c.o: In function `main':
CheckSymbolExists.c:(.text+0x16): undefined reference to `pthread_create'
collect2: error: ld returned 1 exit status
CMakeFiles/cmTC_fba6f.dir/build.make:97: recipe for target 'cmTC_fba6f' failed
make[1]: *** [cmTC_fba6f] Error 1
make[1]: Leaving directory '/home/wangyan/projects/ICP-NDT-LIDAR/PCL_ICP_NDT/build/CMakeFiles/CMakeTmp'
Makefile:126: recipe for target 'cmTC_fba6f/fast' failed
make: *** [cmTC_fba6f/fast] Error 2

File /home/wangyan/projects/ICP-NDT-LIDAR/PCL_ICP_NDT/build/CMakeFiles/CMakeTmp/CheckSymbolExists.c:
/* */
#include <pthread.h>

int main(int argc, char** argv)
{
  (void)argv;
#ifndef pthread_create
  return ((int*)(&pthread_create))[argc];
#else
  (void)argc;
  return 0;
#endif
}

Determining if the function pthread_create exists in the pthreads failed with the following output:
Change Dir: /home/wangyan/projects/ICP-NDT-LIDAR/PCL_ICP_NDT/build/CMakeFiles/CMakeTmp

Run Build Command:"/usr/bin/make" "cmTC_5296f/fast"
/usr/bin/make -f CMakeFiles/cmTC_5296f.dir/build.make CMakeFiles/cmTC_5296f.dir/build
make[1]: Entering directory '/home/wangyan/projects/ICP-NDT-LIDAR/PCL_ICP_NDT/build/CMakeFiles/CMakeTmp'
Building C object CMakeFiles/cmTC_5296f.dir/CheckFunctionExists.c.o
/usr/bin/cc    -DCHECK_FUNCTION_EXISTS=pthread_create   -o CMakeFiles/cmTC_5296f.dir/CheckFunctionExists.c.o   -c /usr/share/cmake-3.5/Modules/CheckFunctionExists.c
Linking C executable cmTC_5296f
/usr/bin/cmake -E cmake_link_script CMakeFiles/cmTC_5296f.dir/link.txt --verbose=1
/usr/bin/cc   -DCHECK_FUNCTION_EXISTS=pthread_create    CMakeFiles/cmTC_5296f.dir/CheckFunctionExists.c.o  -o cmTC_5296f -rdynamic -lpthreads 
/usr/bin/ld: cannot find -lpthreads
collect2: error: ld returned 1 exit status
CMakeFiles/cmTC_5296f.dir/build.make:97: recipe for target 'cmTC_5296f' failed
make[1]: *** [cmTC_5296f] Error 1
make[1]: Leaving directory '/home/wangyan/projects/ICP-NDT-LIDAR/PCL_ICP_NDT/build/CMakeFiles/CMakeTmp'
Makefile:126: recipe for target 'cmTC_5296f/fast' failed
make: *** [cmTC_5296f/fast] Error 2


